[2015-12-07T13:23:14.639Z] (sys) Stopping
[2015-12-07T13:26:34.937Z] (sys) Starting
[2015-12-07T13:28:40.707Z] (sys) Stopping
[2015-12-07T13:28:55.001Z] (sys) Starting
[2015-12-07T13:46:20.246Z] (sys) Stopping
[2015-12-07T13:46:56.074Z] (sys) Starting
InternalOpenIDError: Failed to verify assertion
    at /home/ec2-user/wottactics/node_modules/passport-openid/lib/passport-openid/strategy.js:190:36
    at /home/ec2-user/wottactics/node_modules/passport-openid/node_modules/openid/openid.js:1068:12
    at /home/ec2-user/wottactics/node_modules/passport-openid/node_modules/openid/openid.js:1192:16
    at /home/ec2-user/wottactics/node_modules/passport-openid/node_modules/openid/openid.js:1276:7
    at Object.openid.loadAssociation (/home/ec2-user/wottactics/node_modules/passport-openid/node_modules/openid/openid.js:107:5)
    at _checkSignatureUsingAssociation (/home/ec2-user/wottactics/node_modules/passport-openid/node_modules/openid/openid.js:1238:10)
    at _checkSignature (/home/ec2-user/wottactics/node_modules/passport-openid/node_modules/openid/openid.js:1228:5)
    at _verifyAssertionAgainstProviders (/home/ec2-user/wottactics/node_modules/passport-openid/node_modules/openid/openid.js:1188:12)
    at /home/ec2-user/wottactics/node_modules/passport-openid/node_modules/openid/openid.js:1153:7
    at /home/ec2-user/wottactics/node_modules/passport-openid/node_modules/openid/openid.js:686:7
[2015-12-08T10:31:13.347Z] (sys) Stopping
[2015-12-08T10:32:01.261Z] (sys) Starting
[2015-12-08T10:35:03.772Z] (sys) Stopping
[2015-12-08T10:36:02.288Z] (sys) Starting
[2015-12-08T12:35:05.230Z] (sys) Stopping
[2015-12-08T12:35:06.813Z] (sys) Starting
[2015-12-09T17:40:15.509Z] (sys) Stopping
[2015-12-09T17:43:52.529Z] (sys) Starting
InternalOpenIDError: Failed to verify assertion
    at /home/ec2-user/wottactics/node_modules/passport-openid/lib/passport-openid/strategy.js:190:36
    at /home/ec2-user/wottactics/node_modules/passport-openid/node_modules/openid/openid.js:1068:12
    at /home/ec2-user/wottactics/node_modules/passport-openid/node_modules/openid/openid.js:1192:16
    at /home/ec2-user/wottactics/node_modules/passport-openid/node_modules/openid/openid.js:1276:7
    at Object.openid.loadAssociation (/home/ec2-user/wottactics/node_modules/passport-openid/node_modules/openid/openid.js:107:5)
    at _checkSignatureUsingAssociation (/home/ec2-user/wottactics/node_modules/passport-openid/node_modules/openid/openid.js:1238:10)
    at _checkSignature (/home/ec2-user/wottactics/node_modules/passport-openid/node_modules/openid/openid.js:1228:5)
    at _verifyAssertionAgainstProviders (/home/ec2-user/wottactics/node_modules/passport-openid/node_modules/openid/openid.js:1188:12)
    at /home/ec2-user/wottactics/node_modules/passport-openid/node_modules/openid/openid.js:1153:7
    at /home/ec2-user/wottactics/node_modules/passport-openid/node_modules/openid/openid.js:686:7
TypeError: Cannot read property 'indexOf' of undefined
    at /home/ec2-user/wottactics/app.js:282:19
    at Layer.handle [as handle_request] (/home/ec2-user/wottactics/node_modules/express/lib/router/layer.js:95:5)
    at next (/home/ec2-user/wottactics/node_modules/express/lib/router/route.js:131:13)
    at Route.dispatch (/home/ec2-user/wottactics/node_modules/express/lib/router/route.js:112:3)
    at Layer.handle [as handle_request] (/home/ec2-user/wottactics/node_modules/express/lib/router/layer.js:95:5)
    at /home/ec2-user/wottactics/node_modules/express/lib/router/index.js:277:22
    at Function.process_params (/home/ec2-user/wottactics/node_modules/express/lib/router/index.js:330:12)
    at next (/home/ec2-user/wottactics/node_modules/express/lib/router/index.js:271:10)
    at Function.handle (/home/ec2-user/wottactics/node_modules/express/lib/router/index.js:176:3)
    at router (/home/ec2-user/wottactics/node_modules/express/lib/router/index.js:46:12)
TypeError: Cannot read property 'indexOf' of undefined
    at /home/ec2-user/wottactics/app.js:282:19
    at Layer.handle [as handle_request] (/home/ec2-user/wottactics/node_modules/express/lib/router/layer.js:95:5)
    at next (/home/ec2-user/wottactics/node_modules/express/lib/router/route.js:131:13)
    at Route.dispatch (/home/ec2-user/wottactics/node_modules/express/lib/router/route.js:112:3)
    at Layer.handle [as handle_request] (/home/ec2-user/wottactics/node_modules/express/lib/router/layer.js:95:5)
    at /home/ec2-user/wottactics/node_modules/express/lib/router/index.js:277:22
    at Function.process_params (/home/ec2-user/wottactics/node_modules/express/lib/router/index.js:330:12)
    at next (/home/ec2-user/wottactics/node_modules/express/lib/router/index.js:271:10)
    at Function.handle (/home/ec2-user/wottactics/node_modules/express/lib/router/index.js:176:3)
    at router (/home/ec2-user/wottactics/node_modules/express/lib/router/index.js:46:12)
InternalOpenIDError: Failed to verify assertion
    at /home/ec2-user/wottactics/node_modules/passport-openid/lib/passport-openid/strategy.js:190:36
    at /home/ec2-user/wottactics/node_modules/passport-openid/node_modules/openid/openid.js:1068:12
    at /home/ec2-user/wottactics/node_modules/passport-openid/node_modules/openid/openid.js:1192:16
    at /home/ec2-user/wottactics/node_modules/passport-openid/node_modules/openid/openid.js:1276:7
    at Object.openid.loadAssociation (/home/ec2-user/wottactics/node_modules/passport-openid/node_modules/openid/openid.js:107:5)
    at _checkSignatureUsingAssociation (/home/ec2-user/wottactics/node_modules/passport-openid/node_modules/openid/openid.js:1238:10)
    at _checkSignature (/home/ec2-user/wottactics/node_modules/passport-openid/node_modules/openid/openid.js:1228:5)
    at _verifyAssertionAgainstProviders (/home/ec2-user/wottactics/node_modules/passport-openid/node_modules/openid/openid.js:1188:12)
    at /home/ec2-user/wottactics/node_modules/passport-openid/node_modules/openid/openid.js:1153:7
    at /home/ec2-user/wottactics/node_modules/passport-openid/node_modules/openid/openid.js:686:7
InternalOpenIDError: Failed to verify assertion
    at /home/ec2-user/wottactics/node_modules/passport-openid/lib/passport-openid/strategy.js:190:36
    at /home/ec2-user/wottactics/node_modules/passport-openid/node_modules/openid/openid.js:1068:12
    at /home/ec2-user/wottactics/node_modules/passport-openid/node_modules/openid/openid.js:1192:16
    at /home/ec2-user/wottactics/node_modules/passport-openid/node_modules/openid/openid.js:1276:7
    at Object.openid.loadAssociation (/home/ec2-user/wottactics/node_modules/passport-openid/node_modules/openid/openid.js:107:5)
    at _checkSignatureUsingAssociation (/home/ec2-user/wottactics/node_modules/passport-openid/node_modules/openid/openid.js:1238:10)
    at _checkSignature (/home/ec2-user/wottactics/node_modules/passport-openid/node_modules/openid/openid.js:1228:5)
    at _verifyAssertionAgainstProviders (/home/ec2-user/wottactics/node_modules/passport-openid/node_modules/openid/openid.js:1188:12)
    at /home/ec2-user/wottactics/node_modules/passport-openid/node_modules/openid/openid.js:1153:7
    at /home/ec2-user/wottactics/node_modules/passport-openid/node_modules/openid/openid.js:686:7
InternalOpenIDError: Failed to verify assertion
    at /home/ec2-user/wottactics/node_modules/passport-openid/lib/passport-openid/strategy.js:190:36
    at /home/ec2-user/wottactics/node_modules/passport-openid/node_modules/openid/openid.js:1068:12
    at /home/ec2-user/wottactics/node_modules/passport-openid/node_modules/openid/openid.js:1192:16
    at /home/ec2-user/wottactics/node_modules/passport-openid/node_modules/openid/openid.js:1276:7
    at Object.openid.loadAssociation (/home/ec2-user/wottactics/node_modules/passport-openid/node_modules/openid/openid.js:107:5)
    at _checkSignatureUsingAssociation (/home/ec2-user/wottactics/node_modules/passport-openid/node_modules/openid/openid.js:1238:10)
    at _checkSignature (/home/ec2-user/wottactics/node_modules/passport-openid/node_modules/openid/openid.js:1228:5)
    at _verifyAssertionAgainstProviders (/home/ec2-user/wottactics/node_modules/passport-openid/node_modules/openid/openid.js:1188:12)
    at /home/ec2-user/wottactics/node_modules/passport-openid/node_modules/openid/openid.js:1153:7
    at /home/ec2-user/wottactics/node_modules/passport-openid/node_modules/openid/openid.js:686:7
InternalOpenIDError: Failed to verify assertion
    at /home/ec2-user/wottactics/node_modules/passport-openid/lib/passport-openid/strategy.js:190:36
    at /home/ec2-user/wottactics/node_modules/passport-openid/node_modules/openid/openid.js:1068:12
    at /home/ec2-user/wottactics/node_modules/passport-openid/node_modules/openid/openid.js:1192:16
    at /home/ec2-user/wottactics/node_modules/passport-openid/node_modules/openid/openid.js:1276:7
    at Object.openid.loadAssociation (/home/ec2-user/wottactics/node_modules/passport-openid/node_modules/openid/openid.js:107:5)
    at _checkSignatureUsingAssociation (/home/ec2-user/wottactics/node_modules/passport-openid/node_modules/openid/openid.js:1238:10)
    at _checkSignature (/home/ec2-user/wottactics/node_modules/passport-openid/node_modules/openid/openid.js:1228:5)
    at _verifyAssertionAgainstProviders (/home/ec2-user/wottactics/node_modules/passport-openid/node_modules/openid/openid.js:1188:12)
    at /home/ec2-user/wottactics/node_modules/passport-openid/node_modules/openid/openid.js:1153:7
    at /home/ec2-user/wottactics/node_modules/passport-openid/node_modules/openid/openid.js:686:7
InternalOpenIDError: Failed to verify assertion
    at /home/ec2-user/wottactics/node_modules/passport-openid/lib/passport-openid/strategy.js:190:36
    at /home/ec2-user/wottactics/node_modules/passport-openid/node_modules/openid/openid.js:1068:12
    at /home/ec2-user/wottactics/node_modules/passport-openid/node_modules/openid/openid.js:1192:16
    at /home/ec2-user/wottactics/node_modules/passport-openid/node_modules/openid/openid.js:1276:7
    at Object.openid.loadAssociation (/home/ec2-user/wottactics/node_modules/passport-openid/node_modules/openid/openid.js:107:5)
    at _checkSignatureUsingAssociation (/home/ec2-user/wottactics/node_modules/passport-openid/node_modules/openid/openid.js:1238:10)
    at _checkSignature (/home/ec2-user/wottactics/node_modules/passport-openid/node_modules/openid/openid.js:1228:5)
    at _verifyAssertionAgainstProviders (/home/ec2-user/wottactics/node_modules/passport-openid/node_modules/openid/openid.js:1188:12)
    at /home/ec2-user/wottactics/node_modules/passport-openid/node_modules/openid/openid.js:1153:7
    at /home/ec2-user/wottactics/node_modules/passport-openid/node_modules/openid/openid.js:686:7
InternalOpenIDError: Failed to verify assertion
    at /home/ec2-user/wottactics/node_modules/passport-openid/lib/passport-openid/strategy.js:190:36
    at /home/ec2-user/wottactics/node_modules/passport-openid/node_modules/openid/openid.js:1068:12
    at /home/ec2-user/wottactics/node_modules/passport-openid/node_modules/openid/openid.js:1192:16
    at /home/ec2-user/wottactics/node_modules/passport-openid/node_modules/openid/openid.js:1276:7
    at Object.openid.loadAssociation (/home/ec2-user/wottactics/node_modules/passport-openid/node_modules/openid/openid.js:107:5)
    at _checkSignatureUsingAssociation (/home/ec2-user/wottactics/node_modules/passport-openid/node_modules/openid/openid.js:1238:10)
    at _checkSignature (/home/ec2-user/wottactics/node_modules/passport-openid/node_modules/openid/openid.js:1228:5)
    at _verifyAssertionAgainstProviders (/home/ec2-user/wottactics/node_modules/passport-openid/node_modules/openid/openid.js:1188:12)
    at /home/ec2-user/wottactics/node_modules/passport-openid/node_modules/openid/openid.js:1153:7
    at /home/ec2-user/wottactics/node_modules/passport-openid/node_modules/openid/openid.js:686:7
InternalOpenIDError: Failed to verify assertion
    at /home/ec2-user/wottactics/node_modules/passport-openid/lib/passport-openid/strategy.js:190:36
    at /home/ec2-user/wottactics/node_modules/passport-openid/node_modules/openid/openid.js:1068:12
    at /home/ec2-user/wottactics/node_modules/passport-openid/node_modules/openid/openid.js:1192:16
    at /home/ec2-user/wottactics/node_modules/passport-openid/node_modules/openid/openid.js:1276:7
    at Object.openid.loadAssociation (/home/ec2-user/wottactics/node_modules/passport-openid/node_modules/openid/openid.js:107:5)
    at _checkSignatureUsingAssociation (/home/ec2-user/wottactics/node_modules/passport-openid/node_modules/openid/openid.js:1238:10)
    at _checkSignature (/home/ec2-user/wottactics/node_modules/passport-openid/node_modules/openid/openid.js:1228:5)
    at _verifyAssertionAgainstProviders (/home/ec2-user/wottactics/node_modules/passport-openid/node_modules/openid/openid.js:1188:12)
    at /home/ec2-user/wottactics/node_modules/passport-openid/node_modules/openid/openid.js:1153:7
    at /home/ec2-user/wottactics/node_modules/passport-openid/node_modules/openid/openid.js:686:7
InternalOpenIDError: Failed to verify assertion
    at /home/ec2-user/wottactics/node_modules/passport-openid/lib/passport-openid/strategy.js:190:36
    at /home/ec2-user/wottactics/node_modules/passport-openid/node_modules/openid/openid.js:1068:12
    at /home/ec2-user/wottactics/node_modules/passport-openid/node_modules/openid/openid.js:1192:16
    at /home/ec2-user/wottactics/node_modules/passport-openid/node_modules/openid/openid.js:1276:7
    at Object.openid.loadAssociation (/home/ec2-user/wottactics/node_modules/passport-openid/node_modules/openid/openid.js:107:5)
    at _checkSignatureUsingAssociation (/home/ec2-user/wottactics/node_modules/passport-openid/node_modules/openid/openid.js:1238:10)
    at _checkSignature (/home/ec2-user/wottactics/node_modules/passport-openid/node_modules/openid/openid.js:1228:5)
    at _verifyAssertionAgainstProviders (/home/ec2-user/wottactics/node_modules/passport-openid/node_modules/openid/openid.js:1188:12)
    at /home/ec2-user/wottactics/node_modules/passport-openid/node_modules/openid/openid.js:1153:7
    at /home/ec2-user/wottactics/node_modules/passport-openid/node_modules/openid/openid.js:686:7
TypeError: Cannot read property 'indexOf' of undefined
    at /home/ec2-user/wottactics/app.js:282:19
    at Layer.handle [as handle_request] (/home/ec2-user/wottactics/node_modules/express/lib/router/layer.js:95:5)
    at next (/home/ec2-user/wottactics/node_modules/express/lib/router/route.js:131:13)
    at Route.dispatch (/home/ec2-user/wottactics/node_modules/express/lib/router/route.js:112:3)
    at Layer.handle [as handle_request] (/home/ec2-user/wottactics/node_modules/express/lib/router/layer.js:95:5)
    at /home/ec2-user/wottactics/node_modules/express/lib/router/index.js:277:22
    at Function.process_params (/home/ec2-user/wottactics/node_modules/express/lib/router/index.js:330:12)
    at next (/home/ec2-user/wottactics/node_modules/express/lib/router/index.js:271:10)
    at Function.handle (/home/ec2-user/wottactics/node_modules/express/lib/router/index.js:176:3)
    at router (/home/ec2-user/wottactics/node_modules/express/lib/router/index.js:46:12)
TypeError: Cannot read property 'indexOf' of undefined
    at /home/ec2-user/wottactics/app.js:282:19
    at Layer.handle [as handle_request] (/home/ec2-user/wottactics/node_modules/express/lib/router/layer.js:95:5)
    at next (/home/ec2-user/wottactics/node_modules/express/lib/router/route.js:131:13)
    at Route.dispatch (/home/ec2-user/wottactics/node_modules/express/lib/router/route.js:112:3)
    at Layer.handle [as handle_request] (/home/ec2-user/wottactics/node_modules/express/lib/router/layer.js:95:5)
    at /home/ec2-user/wottactics/node_modules/express/lib/router/index.js:277:22
    at Function.process_params (/home/ec2-user/wottactics/node_modules/express/lib/router/index.js:330:12)
    at next (/home/ec2-user/wottactics/node_modules/express/lib/router/index.js:271:10)
    at Function.handle (/home/ec2-user/wottactics/node_modules/express/lib/router/index.js:176:3)
    at router (/home/ec2-user/wottactics/node_modules/express/lib/router/index.js:46:12)
TypeError: Cannot read property 'indexOf' of undefined
    at /home/ec2-user/wottactics/app.js:282:19
    at Layer.handle [as handle_request] (/home/ec2-user/wottactics/node_modules/express/lib/router/layer.js:95:5)
    at next (/home/ec2-user/wottactics/node_modules/express/lib/router/route.js:131:13)
    at Route.dispatch (/home/ec2-user/wottactics/node_modules/express/lib/router/route.js:112:3)
    at Layer.handle [as handle_request] (/home/ec2-user/wottactics/node_modules/express/lib/router/layer.js:95:5)
    at /home/ec2-user/wottactics/node_modules/express/lib/router/index.js:277:22
    at Function.process_params (/home/ec2-user/wottactics/node_modules/express/lib/router/index.js:330:12)
    at next (/home/ec2-user/wottactics/node_modules/express/lib/router/index.js:271:10)
    at Function.handle (/home/ec2-user/wottactics/node_modules/express/lib/router/index.js:176:3)
    at router (/home/ec2-user/wottactics/node_modules/express/lib/router/index.js:46:12)
[TypeError: Cannot read property 'null' of undefined]
Trace
    at process.<anonymous> (/home/ec2-user/wottactics/app.js:82:12)
    at process.emit (events.js:107:17)
    at process._fatalException (node.js:236:26)
[2015-12-11T13:30:35.110Z] (sys) Stopping
[2015-12-11T13:30:39.217Z] (sys) Starting
[2015-12-11T13:38:47.566Z] (sys) Stopping
[2015-12-11T13:38:52.286Z] (sys) Starting
TypeError: /home/ec2-user/wottactics/views/clanportal_members.ejs:65


Cannot read property 'account_name' of undefined
    at eval (eval at <anonymous> (/home/ec2-user/wottactics/node_modules/ejs/lib/ejs.js:1:0), <anonymous>:189:33)
    at eval (eval at <anonymous> (/home/ec2-user/wottactics/node_modules/ejs/lib/ejs.js:1:0), <anonymous>:301:9)
    at returnedFn (/home/ec2-user/wottactics/node_modules/ejs/lib/ejs.js:493:17)
    at View.exports.renderFile [as engine] (/home/ec2-user/wottactics/node_modules/ejs/lib/ejs.js:350:31)
    at View.render (/home/ec2-user/wottactics/node_modules/express/lib/view.js:126:8)
    at tryRender (/home/ec2-user/wottactics/node_modules/express/lib/application.js:639:10)
    at EventEmitter.render (/home/ec2-user/wottactics/node_modules/express/lib/application.js:591:3)
    at ServerResponse.render (/home/ec2-user/wottactics/node_modules/express/lib/response.js:961:7)
    at /home/ec2-user/wottactics/app.js:555:7
    at /home/ec2-user/wottactics/app.js:488:7
TypeError: /home/ec2-user/wottactics/views/clanportal_members.ejs:65


Cannot read property 'account_name' of undefined
    at eval (eval at <anonymous> (/home/ec2-user/wottactics/node_modules/ejs/lib/ejs.js:1:0), <anonymous>:189:33)
    at eval (eval at <anonymous> (/home/ec2-user/wottactics/node_modules/ejs/lib/ejs.js:1:0), <anonymous>:301:9)
    at returnedFn (/home/ec2-user/wottactics/node_modules/ejs/lib/ejs.js:493:17)
    at View.exports.renderFile [as engine] (/home/ec2-user/wottactics/node_modules/ejs/lib/ejs.js:350:31)
    at View.render (/home/ec2-user/wottactics/node_modules/express/lib/view.js:126:8)
    at tryRender (/home/ec2-user/wottactics/node_modules/express/lib/application.js:639:10)
    at EventEmitter.render (/home/ec2-user/wottactics/node_modules/express/lib/application.js:591:3)
    at ServerResponse.render (/home/ec2-user/wottactics/node_modules/express/lib/response.js:961:7)
    at /home/ec2-user/wottactics/app.js:555:7
    at /home/ec2-user/wottactics/app.js:488:7
TypeError: /home/ec2-user/wottactics/views/clanportal_members.ejs:65


Cannot read property 'account_name' of undefined
    at eval (eval at <anonymous> (/home/ec2-user/wottactics/node_modules/ejs/lib/ejs.js:1:0), <anonymous>:189:33)
    at eval (eval at <anonymous> (/home/ec2-user/wottactics/node_modules/ejs/lib/ejs.js:1:0), <anonymous>:301:9)
    at returnedFn (/home/ec2-user/wottactics/node_modules/ejs/lib/ejs.js:493:17)
    at View.exports.renderFile [as engine] (/home/ec2-user/wottactics/node_modules/ejs/lib/ejs.js:350:31)
    at View.render (/home/ec2-user/wottactics/node_modules/express/lib/view.js:126:8)
    at tryRender (/home/ec2-user/wottactics/node_modules/express/lib/application.js:639:10)
    at EventEmitter.render (/home/ec2-user/wottactics/node_modules/express/lib/application.js:591:3)
    at ServerResponse.render (/home/ec2-user/wottactics/node_modules/express/lib/response.js:961:7)
    at /home/ec2-user/wottactics/app.js:555:7
    at /home/ec2-user/wottactics/app.js:488:7
TypeError: /home/ec2-user/wottactics/views/clanportal_members.ejs:65


Cannot read property 'account_name' of undefined
    at eval (eval at <anonymous> (/home/ec2-user/wottactics/node_modules/ejs/lib/ejs.js:1:0), <anonymous>:189:33)
    at eval (eval at <anonymous> (/home/ec2-user/wottactics/node_modules/ejs/lib/ejs.js:1:0), <anonymous>:301:9)
    at returnedFn (/home/ec2-user/wottactics/node_modules/ejs/lib/ejs.js:493:17)
    at View.exports.renderFile [as engine] (/home/ec2-user/wottactics/node_modules/ejs/lib/ejs.js:350:31)
    at View.render (/home/ec2-user/wottactics/node_modules/express/lib/view.js:126:8)
    at tryRender (/home/ec2-user/wottactics/node_modules/express/lib/application.js:639:10)
    at EventEmitter.render (/home/ec2-user/wottactics/node_modules/express/lib/application.js:591:3)
    at ServerResponse.render (/home/ec2-user/wottactics/node_modules/express/lib/response.js:961:7)
    at /home/ec2-user/wottactics/app.js:555:7
    at /home/ec2-user/wottactics/app.js:488:7
InternalOpenIDError: Failed to verify assertion
    at /home/ec2-user/wottactics/node_modules/passport-openid/lib/passport-openid/strategy.js:190:36
    at /home/ec2-user/wottactics/node_modules/passport-openid/node_modules/openid/openid.js:1068:12
    at /home/ec2-user/wottactics/node_modules/passport-openid/node_modules/openid/openid.js:1192:16
    at /home/ec2-user/wottactics/node_modules/passport-openid/node_modules/openid/openid.js:1276:7
    at Object.openid.loadAssociation (/home/ec2-user/wottactics/node_modules/passport-openid/node_modules/openid/openid.js:107:5)
    at _checkSignatureUsingAssociation (/home/ec2-user/wottactics/node_modules/passport-openid/node_modules/openid/openid.js:1238:10)
    at _checkSignature (/home/ec2-user/wottactics/node_modules/passport-openid/node_modules/openid/openid.js:1228:5)
    at _verifyAssertionAgainstProviders (/home/ec2-user/wottactics/node_modules/passport-openid/node_modules/openid/openid.js:1188:12)
    at /home/ec2-user/wottactics/node_modules/passport-openid/node_modules/openid/openid.js:1153:7
    at /home/ec2-user/wottactics/node_modules/passport-openid/node_modules/openid/openid.js:686:7
TypeError: /home/ec2-user/wottactics/views/clanportal_members.ejs:65


Cannot read property 'account_name' of undefined
    at eval (eval at <anonymous> (/home/ec2-user/wottactics/node_modules/ejs/lib/ejs.js:1:0), <anonymous>:189:33)
    at eval (eval at <anonymous> (/home/ec2-user/wottactics/node_modules/ejs/lib/ejs.js:1:0), <anonymous>:301:9)
    at returnedFn (/home/ec2-user/wottactics/node_modules/ejs/lib/ejs.js:493:17)
    at View.exports.renderFile [as engine] (/home/ec2-user/wottactics/node_modules/ejs/lib/ejs.js:350:31)
    at View.render (/home/ec2-user/wottactics/node_modules/express/lib/view.js:126:8)
    at tryRender (/home/ec2-user/wottactics/node_modules/express/lib/application.js:639:10)
    at EventEmitter.render (/home/ec2-user/wottactics/node_modules/express/lib/application.js:591:3)
    at ServerResponse.render (/home/ec2-user/wottactics/node_modules/express/lib/response.js:961:7)
    at /home/ec2-user/wottactics/app.js:555:7
    at /home/ec2-user/wottactics/app.js:488:7
TypeError: /home/ec2-user/wottactics/views/clanportal_members.ejs:65


Cannot read property 'account_name' of undefined
    at eval (eval at <anonymous> (/home/ec2-user/wottactics/node_modules/ejs/lib/ejs.js:1:0), <anonymous>:189:33)
    at eval (eval at <anonymous> (/home/ec2-user/wottactics/node_modules/ejs/lib/ejs.js:1:0), <anonymous>:301:9)
    at returnedFn (/home/ec2-user/wottactics/node_modules/ejs/lib/ejs.js:493:17)
    at View.exports.renderFile [as engine] (/home/ec2-user/wottactics/node_modules/ejs/lib/ejs.js:350:31)
    at View.render (/home/ec2-user/wottactics/node_modules/express/lib/view.js:126:8)
    at tryRender (/home/ec2-user/wottactics/node_modules/express/lib/application.js:639:10)
    at EventEmitter.render (/home/ec2-user/wottactics/node_modules/express/lib/application.js:591:3)
    at ServerResponse.render (/home/ec2-user/wottactics/node_modules/express/lib/response.js:961:7)
    at /home/ec2-user/wottactics/app.js:555:7
    at /home/ec2-user/wottactics/app.js:488:7
TypeError: /home/ec2-user/wottactics/views/clanportal_members.ejs:65


Cannot read property 'account_name' of undefined
    at eval (eval at <anonymous> (/home/ec2-user/wottactics/node_modules/ejs/lib/ejs.js:1:0), <anonymous>:189:33)
    at eval (eval at <anonymous> (/home/ec2-user/wottactics/node_modules/ejs/lib/ejs.js:1:0), <anonymous>:301:9)
    at returnedFn (/home/ec2-user/wottactics/node_modules/ejs/lib/ejs.js:493:17)
    at View.exports.renderFile [as engine] (/home/ec2-user/wottactics/node_modules/ejs/lib/ejs.js:350:31)
    at View.render (/home/ec2-user/wottactics/node_modules/express/lib/view.js:126:8)
    at tryRender (/home/ec2-user/wottactics/node_modules/express/lib/application.js:639:10)
    at EventEmitter.render (/home/ec2-user/wottactics/node_modules/express/lib/application.js:591:3)
    at ServerResponse.render (/home/ec2-user/wottactics/node_modules/express/lib/response.js:961:7)
    at /home/ec2-user/wottactics/app.js:555:7
    at /home/ec2-user/wottactics/app.js:488:7
TypeError: /home/ec2-user/wottactics/views/clanportal_members.ejs:65


Cannot read property 'account_name' of undefined
    at eval (eval at <anonymous> (/home/ec2-user/wottactics/node_modules/ejs/lib/ejs.js:1:0), <anonymous>:189:33)
    at eval (eval at <anonymous> (/home/ec2-user/wottactics/node_modules/ejs/lib/ejs.js:1:0), <anonymous>:301:9)
    at returnedFn (/home/ec2-user/wottactics/node_modules/ejs/lib/ejs.js:493:17)
    at View.exports.renderFile [as engine] (/home/ec2-user/wottactics/node_modules/ejs/lib/ejs.js:350:31)
    at View.render (/home/ec2-user/wottactics/node_modules/express/lib/view.js:126:8)
    at tryRender (/home/ec2-user/wottactics/node_modules/express/lib/application.js:639:10)
    at EventEmitter.render (/home/ec2-user/wottactics/node_modules/express/lib/application.js:591:3)
    at ServerResponse.render (/home/ec2-user/wottactics/node_modules/express/lib/response.js:961:7)
    at /home/ec2-user/wottactics/app.js:555:7
    at /home/ec2-user/wottactics/app.js:488:7
InternalOpenIDError: Failed to verify assertion
    at /home/ec2-user/wottactics/node_modules/passport-openid/lib/passport-openid/strategy.js:190:36
    at /home/ec2-user/wottactics/node_modules/passport-openid/node_modules/openid/openid.js:1068:12
    at /home/ec2-user/wottactics/node_modules/passport-openid/node_modules/openid/openid.js:1192:16
    at /home/ec2-user/wottactics/node_modules/passport-openid/node_modules/openid/openid.js:1276:7
    at Object.openid.loadAssociation (/home/ec2-user/wottactics/node_modules/passport-openid/node_modules/openid/openid.js:107:5)
    at _checkSignatureUsingAssociation (/home/ec2-user/wottactics/node_modules/passport-openid/node_modules/openid/openid.js:1238:10)
    at _checkSignature (/home/ec2-user/wottactics/node_modules/passport-openid/node_modules/openid/openid.js:1228:5)
    at _verifyAssertionAgainstProviders (/home/ec2-user/wottactics/node_modules/passport-openid/node_modules/openid/openid.js:1188:12)
    at /home/ec2-user/wottactics/node_modules/passport-openid/node_modules/openid/openid.js:1153:7
    at /home/ec2-user/wottactics/node_modules/passport-openid/node_modules/openid/openid.js:686:7
InternalOpenIDError: Failed to verify assertion
    at /home/ec2-user/wottactics/node_modules/passport-openid/lib/passport-openid/strategy.js:190:36
    at /home/ec2-user/wottactics/node_modules/passport-openid/node_modules/openid/openid.js:1068:12
    at /home/ec2-user/wottactics/node_modules/passport-openid/node_modules/openid/openid.js:1192:16
    at /home/ec2-user/wottactics/node_modules/passport-openid/node_modules/openid/openid.js:1276:7
    at Object.openid.loadAssociation (/home/ec2-user/wottactics/node_modules/passport-openid/node_modules/openid/openid.js:107:5)
    at _checkSignatureUsingAssociation (/home/ec2-user/wottactics/node_modules/passport-openid/node_modules/openid/openid.js:1238:10)
    at _checkSignature (/home/ec2-user/wottactics/node_modules/passport-openid/node_modules/openid/openid.js:1228:5)
    at _verifyAssertionAgainstProviders (/home/ec2-user/wottactics/node_modules/passport-openid/node_modules/openid/openid.js:1188:12)
    at /home/ec2-user/wottactics/node_modules/passport-openid/node_modules/openid/openid.js:1153:7
    at /home/ec2-user/wottactics/node_modules/passport-openid/node_modules/openid/openid.js:686:7
InternalOpenIDError: Failed to verify assertion
    at /home/ec2-user/wottactics/node_modules/passport-openid/lib/passport-openid/strategy.js:190:36
    at /home/ec2-user/wottactics/node_modules/passport-openid/node_modules/openid/openid.js:1068:12
    at /home/ec2-user/wottactics/node_modules/passport-openid/node_modules/openid/openid.js:1192:16
    at /home/ec2-user/wottactics/node_modules/passport-openid/node_modules/openid/openid.js:1276:7
    at Object.openid.loadAssociation (/home/ec2-user/wottactics/node_modules/passport-openid/node_modules/openid/openid.js:107:5)
    at _checkSignatureUsingAssociation (/home/ec2-user/wottactics/node_modules/passport-openid/node_modules/openid/openid.js:1238:10)
    at _checkSignature (/home/ec2-user/wottactics/node_modules/passport-openid/node_modules/openid/openid.js:1228:5)
    at _verifyAssertionAgainstProviders (/home/ec2-user/wottactics/node_modules/passport-openid/node_modules/openid/openid.js:1188:12)
    at /home/ec2-user/wottactics/node_modules/passport-openid/node_modules/openid/openid.js:1153:7
    at /home/ec2-user/wottactics/node_modules/passport-openid/node_modules/openid/openid.js:686:7
InternalOpenIDError: Failed to verify assertion
    at /home/ec2-user/wottactics/node_modules/passport-openid/lib/passport-openid/strategy.js:190:36
    at /home/ec2-user/wottactics/node_modules/passport-openid/node_modules/openid/openid.js:1068:12
    at /home/ec2-user/wottactics/node_modules/passport-openid/node_modules/openid/openid.js:1192:16
    at /home/ec2-user/wottactics/node_modules/passport-openid/node_modules/openid/openid.js:1261:16
    at Object.openid.loadAssociation (/home/ec2-user/wottactics/node_modules/passport-openid/node_modules/openid/openid.js:107:5)
    at _checkSignatureUsingAssociation (/home/ec2-user/wottactics/node_modules/passport-openid/node_modules/openid/openid.js:1238:10)
    at _checkSignature (/home/ec2-user/wottactics/node_modules/passport-openid/node_modules/openid/openid.js:1228:5)
    at _verifyAssertionAgainstProviders (/home/ec2-user/wottactics/node_modules/passport-openid/node_modules/openid/openid.js:1188:12)
    at /home/ec2-user/wottactics/node_modules/passport-openid/node_modules/openid/openid.js:1153:7
    at /home/ec2-user/wottactics/node_modules/passport-openid/node_modules/openid/openid.js:686:7
[2015-12-16T02:23:53.029Z] (sys) Starting
